<?xml version="1.0" encoding="UTF-8"?>
<!-- Generated by org.testng.reporters.JUnitReportReporter -->
<testsuite skipped="0" hostname="Compaq510" name="Learning.AutomationTesting.Test1_GetRequest" tests="1" failures="0" timestamp="2021-04-02T20:28:26 IST" time="4.733" errors="0">
  <testcase name="getWeatherDeatils" time="4.733" classname="Learning.AutomationTesting.Test1_GetRequest"/>
  <system-out/>
</testsuite> <!-- Learning.AutomationTesting.Test1_GetRequest -->
