<?xml version="1.0" encoding="UTF-8"?>
<!-- Generated by org.testng.reporters.JUnitReportReporter -->
<testsuite skipped="0" hostname="Compaq510" name="Learning.AutomationTesting.RestAssuredTestCases" tests="1" failures="0" timestamp="2021-04-06T08:15:23 IST" time="6.549" errors="0">
  <testcase name="validateHeaders" time="6.549" classname="Learning.AutomationTesting.RestAssuredTestCases"/>
  <system-out/>
</testsuite> <!-- Learning.AutomationTesting.RestAssuredTestCases -->
