<?xml version="1.0" encoding="UTF-8"?>
<!-- Generated by org.testng.reporters.JUnitReportReporter -->
<testsuite skipped="0" hostname="Compaq510" name="RestAssured.RestAssuredTestCases" tests="1" failures="0" timestamp="2021-05-24T21:31:13 IST" time="6.310" errors="0">
  <testcase name="validateHeaders" time="6.310" classname="RestAssured.RestAssuredTestCases"/>
  <system-out/>
</testsuite> <!-- RestAssured.RestAssuredTestCases -->
