<?xml version="1.0" encoding="UTF-8"?>
<!-- Generated by org.testng.reporters.JUnitReportReporter -->
<testsuite skipped="0" hostname="Compaq510" name="DataDrivenTesting.DataDrivenTest_add_new_Record" tests="5" failures="0" timestamp="2021-04-03T15:48:50 IST" time="14.985" errors="0">
  <testcase name="postRecord" time="2.357" classname="DataDrivenTesting.DataDrivenTest_add_new_Record"/>
  <system-out/>
  <testcase name="postRecord" time="5.927" classname="DataDrivenTesting.DataDrivenTest_add_new_Record"/>
  <system-out/>
  <testcase name="postRecord" time="2.234" classname="DataDrivenTesting.DataDrivenTest_add_new_Record"/>
  <system-out/>
  <testcase name="postRecord" time="2.232" classname="DataDrivenTesting.DataDrivenTest_add_new_Record"/>
  <system-out/>
  <testcase name="postRecord" time="2.235" classname="DataDrivenTesting.DataDrivenTest_add_new_Record"/>
  <system-out/>
</testsuite> <!-- DataDrivenTesting.DataDrivenTest_add_new_Record -->
